<?xml version="1.0" encoding="utf-8"?><testsuites name="pytest tests"><testsuite name="pytest" errors="0" failures="0" skipped="0" tests="13" time="0.032" timestamp="2026-09-22T11:43:22.382279+08:00" hostname="ShiyudeMacBook-Pro.local"><testcase classname="tests.test_module_a" name="test_T01_duplicate_import_not_double_counted" time="0.002" /><testcase classname="tests.test_module_a" name="test_T02_cross_org_same_number_no_link" time="0.001" /><testcase classname="tests.test_module_a" name="test_T03_corrected_bill_versions_kept_not_summed" time="0.001" /><testcase classname="tests.test_module_a" name="test_T04_multi_candidate_needs_review" time="0.001" /><testcase classname="tests.test_module_a" name="test_T05_broken_reference_flagged" time="0.001" /><testcase classname="tests.test_module_a" name="test_T06_partial_payment_traceable" time="0.001" /><testcase classname="tests.test_module_a" name="test_T06b_one_payment_multiple_bills" time="0.001" /><testcase classname="tests.test_module_a" name="test_T07_over_allocation_blocked" time="0.001" /><testcase classname="tests.test_module_a" name="test_T08_partial_reversal_no_double_deduct" time="0.001" /><testcase classname="tests.test_module_a" name="test_T08b_unresolvable_reversal_flagged" time="0.001" /><testcase classname="tests.test_module_a" name="test_T09_void_not_close" time="0.001" /><testcase classname="tests.test_module_a" name="test_T10_late_record_not_in_snapshot" time="0.001" /><testcase classname="tests.test_module_a" name="test_T11_no_tz_and_cross_currency_handled" time="0.001" /></testsuite></testsuites>